<?xml version="1.0" encoding="UTF-8"?>
<!-- Generated by org.testng.reporters.JUnitReportReporter -->
<testsuite hostname="madhu-PC" failures="0" tests="4" name="mavenFirstProj.Tests.submitOrderTest" time="56.840" errors="0" timestamp="2023-08-01T17:30:24 IST" skipped="0">
  <testcase classname="mavenFirstProj.Tests.submitOrderTest" name="submitOrder" time="12.953"/>
  <system-out/>
  <testcase classname="mavenFirstProj.Tests.submitOrderTest" name="orderHistoryTest" time="9.443"/>
  <system-out/>
  <testcase classname="mavenFirstProj.Tests.submitOrderTest" name="submitOrder" time="23.154"/>
  <system-out/>
  <testcase classname="mavenFirstProj.Tests.submitOrderTest" name="orderHistoryTest" time="11.290"/>
  <system-out/>
</testsuite> <!-- mavenFirstProj.Tests.submitOrderTest -->
